Determining if the pthread_create exist failed with the following output:
Change Dir: /home/robot/test_ws/build/CMakeFiles/CMakeTmp

Run Build Command:"/usr/bin/make" "cmTC_d7b4f/fast"
/usr/bin/make -f CMakeFiles/cmTC_d7b4f.dir/build.make CMakeFiles/cmTC_d7b4f.dir/build
make[1]: 进入目录“/home/robot/test_ws/build/CMakeFiles/CMakeTmp”
Building C object CMakeFiles/cmTC_d7b4f.dir/CheckSymbolExists.c.o
/usr/bin/cc    -o CMakeFiles/cmTC_d7b4f.dir/CheckSymbolExists.c.o   -c /home/robot/test_ws/build/CMakeFiles/CMakeTmp/CheckSymbolExists.c
Linking C executable cmTC_d7b4f
/usr/bin/cmake -E cmake_link_script CMakeFiles/cmTC_d7b4f.dir/link.txt --verbose=1
/usr/bin/cc      -rdynamic CMakeFiles/cmTC_d7b4f.dir/CheckSymbolExists.c.o  -o cmTC_d7b4f 
CMakeFiles/cmTC_d7b4f.dir/CheckSymbolExists.c.o：在函数‘main’中：
CheckSymbolExists.c:(.text+0x1b)：对‘pthread_create’未定义的引用
collect2: error: ld returned 1 exit status
CMakeFiles/cmTC_d7b4f.dir/build.make:97: recipe for target 'cmTC_d7b4f' failed
make[1]: *** [cmTC_d7b4f] Error 1
make[1]: 离开目录“/home/robot/test_ws/build/CMakeFiles/CMakeTmp”
Makefile:126: recipe for target 'cmTC_d7b4f/fast' failed
make: *** [cmTC_d7b4f/fast] Error 2

File /home/robot/test_ws/build/CMakeFiles/CMakeTmp/CheckSymbolExists.c:
/* */
#include <pthread.h>

int main(int argc, char** argv)
{
  (void)argv;
#ifndef pthread_create
  return ((int*)(&pthread_create))[argc];
#else
  (void)argc;
  return 0;
#endif
}

Determining if the function pthread_create exists in the pthreads failed with the following output:
Change Dir: /home/robot/test_ws/build/CMakeFiles/CMakeTmp

Run Build Command:"/usr/bin/make" "cmTC_9e2aa/fast"
/usr/bin/make -f CMakeFiles/cmTC_9e2aa.dir/build.make CMakeFiles/cmTC_9e2aa.dir/build
make[1]: 进入目录“/home/robot/test_ws/build/CMakeFiles/CMakeTmp”
Building C object CMakeFiles/cmTC_9e2aa.dir/CheckFunctionExists.c.o
/usr/bin/cc   -DCHECK_FUNCTION_EXISTS=pthread_create   -o CMakeFiles/cmTC_9e2aa.dir/CheckFunctionExists.c.o   -c /usr/share/cmake-3.10/Modules/CheckFunctionExists.c
Linking C executable cmTC_9e2aa
/usr/bin/cmake -E cmake_link_script CMakeFiles/cmTC_9e2aa.dir/link.txt --verbose=1
/usr/bin/cc  -DCHECK_FUNCTION_EXISTS=pthread_create    -rdynamic CMakeFiles/cmTC_9e2aa.dir/CheckFunctionExists.c.o  -o cmTC_9e2aa -lpthreads 
/usr/bin/ld: 找不到 -lpthreads
collect2: error: ld returned 1 exit status
CMakeFiles/cmTC_9e2aa.dir/build.make:97: recipe for target 'cmTC_9e2aa' failed
make[1]: *** [cmTC_9e2aa] Error 1
make[1]: 离开目录“/home/robot/test_ws/build/CMakeFiles/CMakeTmp”
Makefile:126: recipe for target 'cmTC_9e2aa/fast' failed
make: *** [cmTC_9e2aa/fast] Error 2


